<?xml version="1.0" encoding="UTF-8"?>
<testng-results total="2" passed="2" failed="0" skipped="0">
  <reporter-output>
  </reporter-output>
  <suite started-at="2021-04-07T19:18:15Z" name="Amazon Application Test Suite" finished-at="2021-04-07T19:18:42Z" duration-ms="27352">
    <groups>
    </groups>
    <test started-at="2021-04-07T19:18:15Z" name="Amazon Application" finished-at="2021-04-07T19:18:42Z" duration-ms="27352">
      <class name="com.amazon.testCases.verifyLoginComments">
        <test-method is-config="true" signature="StartApp()[pri:0, instance:com.amazon.testCases.verifyLoginComments@3daa422a]" started-at="2021-04-08T00:48:15Z" name="StartApp" finished-at="2021-04-08T00:48:28Z" duration-ms="13043" status="PASS">
          <reporter-output>
          </reporter-output>
        </test-method> <!-- StartApp -->
        <test-method is-config="true" signature="LogStartTime()[pri:0, instance:com.amazon.testCases.verifyLoginComments@3daa422a]" started-at="2021-04-08T00:48:28Z" name="LogStartTime" finished-at="2021-04-08T00:48:28Z" duration-ms="290" status="PASS">
          <reporter-output>
          </reporter-output>
        </test-method> <!-- LogStartTime -->
        <test-method signature="verifyPublicLogin(java.lang.String, java.lang.String)[pri:0, instance:com.amazon.testCases.verifyLoginComments@3daa422a]" started-at="2021-04-08T00:48:28Z" name="verifyPublicLogin" description="Login is being verified" finished-at="2021-04-08T00:48:37Z" duration-ms="9153" status="PASS">
          <params>
            <param index="0">
              <value>
                <![CDATA[9830906532]]>
              </value>
            </param>
            <param index="1">
              <value>
                <![CDATA[reborocks@89]]>
              </value>
            </param>
          </params>
          <reporter-output>
          </reporter-output>
        </test-method> <!-- verifyPublicLogin -->
        <test-method is-config="true" signature="takeSnapsOfFailure(org.testng.ITestResult)[pri:0, instance:com.amazon.testCases.verifyLoginComments@3daa422a]" started-at="2021-04-08T00:48:37Z" name="takeSnapsOfFailure" finished-at="2021-04-08T00:48:37Z" duration-ms="96" status="PASS">
          <params>
            <param index="0">
              <value>
                <![CDATA[[TestResult name=verifyPublicLogin status=SUCCESS method=verifyLoginComments.verifyPublicLogin(java.lang.String, java.lang.String)[pri:0, instance:com.amazon.testCases.verifyLoginComments@3daa422a] output={null}]]]>
              </value>
            </param>
          </params>
          <reporter-output>
          </reporter-output>
        </test-method> <!-- takeSnapsOfFailure -->
        <test-method is-config="true" signature="LogStartTime()[pri:0, instance:com.amazon.testCases.verifyLoginComments@3daa422a]" started-at="2021-04-08T00:48:37Z" name="LogStartTime" finished-at="2021-04-08T00:48:38Z" duration-ms="215" status="PASS">
          <reporter-output>
          </reporter-output>
        </test-method> <!-- LogStartTime -->
        <test-method signature="verifyNavigation2Trackorder()[pri:0, instance:com.amazon.testCases.verifyLoginComments@3daa422a]" started-at="2021-04-08T00:48:38Z" name="verifyNavigation2Trackorder" description="Order Page is displayed" finished-at="2021-04-08T00:48:40Z" depends-on-methods="com.amazon.testCases.verifyLoginComments.verifyPublicLogin" duration-ms="2019" status="PASS">
          <reporter-output>
          </reporter-output>
        </test-method> <!-- verifyNavigation2Trackorder -->
        <test-method is-config="true" signature="takeSnapsOfFailure(org.testng.ITestResult)[pri:0, instance:com.amazon.testCases.verifyLoginComments@3daa422a]" started-at="2021-04-08T00:48:40Z" name="takeSnapsOfFailure" finished-at="2021-04-08T00:48:40Z" duration-ms="47" status="PASS">
          <params>
            <param index="0">
              <value>
                <![CDATA[[TestResult name=verifyNavigation2Trackorder status=SUCCESS method=verifyLoginComments.verifyNavigation2Trackorder()[pri:0, instance:com.amazon.testCases.verifyLoginComments@3daa422a] output={null}]]]>
              </value>
            </param>
          </params>
          <reporter-output>
          </reporter-output>
        </test-method> <!-- takeSnapsOfFailure -->
        <test-method is-config="true" signature="closeBrowser()[pri:0, instance:com.amazon.testCases.verifyLoginComments@3daa422a]" started-at="2021-04-08T00:48:40Z" name="closeBrowser" finished-at="2021-04-08T00:48:42Z" duration-ms="2475" status="PASS">
          <reporter-output>
          </reporter-output>
        </test-method> <!-- closeBrowser -->
      </class> <!-- com.amazon.testCases.verifyLoginComments -->
    </test> <!-- Amazon Application -->
  </suite> <!-- Amazon Application Test Suite -->
</testng-results>
