<?xml version="1.0" encoding="UTF-8"?>
<!-- Generated by org.testng.reporters.JUnitXMLReporter -->
<testsuite hostname="LTIN166072" failures="0" tests="2" name="Amazon Application" time="27.352" errors="0" timestamp="7 Apr 2021 19:18:42 GMT">
  <testcase classname="com.amazon.testCases.verifyLoginComments" name="verifyPublicLogin" time="9.153"/>
  <testcase classname="com.amazon.testCases.verifyLoginComments" name="verifyNavigation2Trackorder" time="2.019"/>
</testsuite> <!-- Amazon Application -->
